<?xml version="1.0" encoding="UTF-8"?>
<!-- Generated by org.testng.reporters.JUnitXMLReporter -->
<testsuite ignored="0" hostname="LAPTOP-BADH85B6" failures="0" tests="7" name="Jobs API Testing" time="4.688" errors="0" timestamp="2022-03-08T12:09:42 MST">
  <testcase classname="jobsAPI.getRequest" name="getReq" time="0.535"/>
  <testcase classname="jobsAPI.postRequest" name="postReq" time="0.565"/>
  <testcase classname="jobsAPI.postRequest" name="postExistingId" time="0.4"/>
  <testcase classname="jobsAPI.putRequest" name="putNonExistingId" time="0.358"/>
  <testcase classname="jobsAPI.putRequest" name="putReq" time="0.555"/>
  <testcase classname="jobsAPI.deleteRequest" name="delReq" time="0.459"/>
  <testcase classname="jobsAPI.deleteRequest" name="delNonExistingId" time="0.362"/>
</testsuite> <!-- Jobs API Testing -->
