<?xml version="1.0" encoding="UTF-8"?>
<!-- Generated by org.testng.reporters.JUnitXMLReporter -->
<testsuite ignored="0" hostname="LAPTOP-BADH85B6" failures="0" tests="6" name="LMS API Testing" time="12.775" errors="0" timestamp="2022-03-08T12:09:38 MST">
  <testcase classname="lmsApi.getRequest" name="getIdReq" time="4.817"/>
  <testcase classname="lmsApi.getRequest" name="getIdReq" time="1.055"/>
  <testcase classname="lmsApi.getRequest" name="getReq" time="2.316"/>
  <testcase classname="lmsApi.postRequest" name="postReq" time="1.095"/>
  <testcase classname="lmsApi.putRequest" name="putReq" time="0.742"/>
  <testcase classname="lmsApi.deleteRequest" name="delReq" time="0.668"/>
</testsuite> <!-- LMS API Testing -->
